[2024-10-06T04:26:56.058+0000] {processor.py:186} INFO - Started process (PID=1919) to work on /opt/airflow/dags/hello_world_ricky.py
[2024-10-06T04:26:56.059+0000] {processor.py:914} INFO - Processing file /opt/airflow/dags/hello_world_ricky.py for tasks to queue
[2024-10-06T04:26:56.061+0000] {logging_mixin.py:190} INFO - [2024-10-06T04:26:56.060+0000] {dagbag.py:588} INFO - Filling up the DagBag from /opt/airflow/dags/hello_world_ricky.py
[2024-10-06T04:26:56.068+0000] {processor.py:925} INFO - DAG(s) 'hello_world_ricky' retrieved from /opt/airflow/dags/hello_world_ricky.py
[2024-10-06T04:26:56.163+0000] {logging_mixin.py:190} INFO - [2024-10-06T04:26:56.163+0000] {override.py:1900} INFO - Created Permission View: can read on DAG:hello_world_ricky
[2024-10-06T04:26:56.174+0000] {logging_mixin.py:190} INFO - [2024-10-06T04:26:56.174+0000] {override.py:1900} INFO - Created Permission View: can delete on DAG:hello_world_ricky
[2024-10-06T04:26:56.183+0000] {logging_mixin.py:190} INFO - [2024-10-06T04:26:56.183+0000] {override.py:1900} INFO - Created Permission View: can edit on DAG:hello_world_ricky
[2024-10-06T04:26:56.196+0000] {logging_mixin.py:190} INFO - [2024-10-06T04:26:56.195+0000] {override.py:1900} INFO - Created Permission View: can read on DAG Run:hello_world_ricky
[2024-10-06T04:26:56.204+0000] {logging_mixin.py:190} INFO - [2024-10-06T04:26:56.203+0000] {override.py:1900} INFO - Created Permission View: can delete on DAG Run:hello_world_ricky
[2024-10-06T04:26:56.214+0000] {logging_mixin.py:190} INFO - [2024-10-06T04:26:56.214+0000] {override.py:1900} INFO - Created Permission View: can create on DAG Run:hello_world_ricky
[2024-10-06T04:26:56.223+0000] {logging_mixin.py:190} INFO - [2024-10-06T04:26:56.223+0000] {override.py:1900} INFO - Created Permission View: menu access on DAG Run:hello_world_ricky
[2024-10-06T04:26:56.223+0000] {logging_mixin.py:190} INFO - [2024-10-06T04:26:56.223+0000] {dag.py:3239} INFO - Sync 1 DAGs
[2024-10-06T04:26:56.233+0000] {logging_mixin.py:190} INFO - [2024-10-06T04:26:56.233+0000] {dag.py:3262} INFO - Creating ORM DAG for hello_world_ricky
[2024-10-06T04:26:56.240+0000] {logging_mixin.py:190} INFO - [2024-10-06T04:26:56.240+0000] {dag.py:4180} INFO - Setting next_dagrun for hello_world_ricky to 2024-10-06 00:00:00+00:00, run_after=2024-10-07 00:00:00+00:00
[2024-10-06T04:26:56.256+0000] {processor.py:208} INFO - Processing /opt/airflow/dags/hello_world_ricky.py took 0.201 seconds
[2024-10-06T04:27:26.499+0000] {processor.py:186} INFO - Started process (PID=1982) to work on /opt/airflow/dags/hello_world_ricky.py
[2024-10-06T04:27:26.499+0000] {processor.py:914} INFO - Processing file /opt/airflow/dags/hello_world_ricky.py for tasks to queue
[2024-10-06T04:27:26.501+0000] {logging_mixin.py:190} INFO - [2024-10-06T04:27:26.501+0000] {dagbag.py:588} INFO - Filling up the DagBag from /opt/airflow/dags/hello_world_ricky.py
[2024-10-06T04:27:26.508+0000] {processor.py:925} INFO - DAG(s) 'hello_world_ricky' retrieved from /opt/airflow/dags/hello_world_ricky.py
[2024-10-06T04:27:26.521+0000] {logging_mixin.py:190} INFO - [2024-10-06T04:27:26.520+0000] {dag.py:3239} INFO - Sync 1 DAGs
[2024-10-06T04:27:26.538+0000] {logging_mixin.py:190} INFO - [2024-10-06T04:27:26.538+0000] {dag.py:4180} INFO - Setting next_dagrun for hello_world_ricky to 2024-10-06 00:00:00+00:00, run_after=2024-10-07 00:00:00+00:00
[2024-10-06T04:27:26.556+0000] {processor.py:208} INFO - Processing /opt/airflow/dags/hello_world_ricky.py took 0.062 seconds
[2024-10-06T04:27:56.960+0000] {processor.py:186} INFO - Started process (PID=2045) to work on /opt/airflow/dags/hello_world_ricky.py
[2024-10-06T04:27:56.960+0000] {processor.py:914} INFO - Processing file /opt/airflow/dags/hello_world_ricky.py for tasks to queue
[2024-10-06T04:27:56.962+0000] {logging_mixin.py:190} INFO - [2024-10-06T04:27:56.962+0000] {dagbag.py:588} INFO - Filling up the DagBag from /opt/airflow/dags/hello_world_ricky.py
[2024-10-06T04:27:56.968+0000] {processor.py:925} INFO - DAG(s) 'hello_world_ricky' retrieved from /opt/airflow/dags/hello_world_ricky.py
[2024-10-06T04:27:56.981+0000] {logging_mixin.py:190} INFO - [2024-10-06T04:27:56.981+0000] {dag.py:3239} INFO - Sync 1 DAGs
[2024-10-06T04:27:57.004+0000] {logging_mixin.py:190} INFO - [2024-10-06T04:27:57.004+0000] {dag.py:4180} INFO - Setting next_dagrun for hello_world_ricky to 2024-10-06 00:00:00+00:00, run_after=2024-10-07 00:00:00+00:00
[2024-10-06T04:27:57.027+0000] {processor.py:208} INFO - Processing /opt/airflow/dags/hello_world_ricky.py took 0.072 seconds
[2024-10-06T04:28:27.458+0000] {processor.py:186} INFO - Started process (PID=2108) to work on /opt/airflow/dags/hello_world_ricky.py
[2024-10-06T04:28:27.459+0000] {processor.py:914} INFO - Processing file /opt/airflow/dags/hello_world_ricky.py for tasks to queue
[2024-10-06T04:28:27.461+0000] {logging_mixin.py:190} INFO - [2024-10-06T04:28:27.460+0000] {dagbag.py:588} INFO - Filling up the DagBag from /opt/airflow/dags/hello_world_ricky.py
[2024-10-06T04:28:27.467+0000] {processor.py:925} INFO - DAG(s) 'hello_world_ricky' retrieved from /opt/airflow/dags/hello_world_ricky.py
[2024-10-06T04:28:27.480+0000] {logging_mixin.py:190} INFO - [2024-10-06T04:28:27.480+0000] {dag.py:3239} INFO - Sync 1 DAGs
[2024-10-06T04:28:27.498+0000] {logging_mixin.py:190} INFO - [2024-10-06T04:28:27.497+0000] {dag.py:4180} INFO - Setting next_dagrun for hello_world_ricky to 2024-10-06 00:00:00+00:00, run_after=2024-10-07 00:00:00+00:00
[2024-10-06T04:28:27.524+0000] {processor.py:208} INFO - Processing /opt/airflow/dags/hello_world_ricky.py took 0.071 seconds
[2024-10-06T04:28:57.594+0000] {processor.py:186} INFO - Started process (PID=2171) to work on /opt/airflow/dags/hello_world_ricky.py
[2024-10-06T04:28:57.594+0000] {processor.py:914} INFO - Processing file /opt/airflow/dags/hello_world_ricky.py for tasks to queue
[2024-10-06T04:28:57.596+0000] {logging_mixin.py:190} INFO - [2024-10-06T04:28:57.596+0000] {dagbag.py:588} INFO - Filling up the DagBag from /opt/airflow/dags/hello_world_ricky.py
[2024-10-06T04:28:57.602+0000] {processor.py:925} INFO - DAG(s) 'hello_world_ricky' retrieved from /opt/airflow/dags/hello_world_ricky.py
[2024-10-06T04:28:57.616+0000] {logging_mixin.py:190} INFO - [2024-10-06T04:28:57.615+0000] {dag.py:3239} INFO - Sync 1 DAGs
[2024-10-06T04:28:57.634+0000] {logging_mixin.py:190} INFO - [2024-10-06T04:28:57.633+0000] {dag.py:4180} INFO - Setting next_dagrun for hello_world_ricky to 2024-10-06 00:00:00+00:00, run_after=2024-10-07 00:00:00+00:00
[2024-10-06T04:28:57.654+0000] {processor.py:208} INFO - Processing /opt/airflow/dags/hello_world_ricky.py took 0.065 seconds
[2024-10-06T04:29:28.529+0000] {processor.py:186} INFO - Started process (PID=2241) to work on /opt/airflow/dags/hello_world_ricky.py
[2024-10-06T04:29:28.530+0000] {processor.py:914} INFO - Processing file /opt/airflow/dags/hello_world_ricky.py for tasks to queue
[2024-10-06T04:29:28.532+0000] {logging_mixin.py:190} INFO - [2024-10-06T04:29:28.531+0000] {dagbag.py:588} INFO - Filling up the DagBag from /opt/airflow/dags/hello_world_ricky.py
[2024-10-06T04:29:28.538+0000] {processor.py:925} INFO - DAG(s) 'hello_world_ricky' retrieved from /opt/airflow/dags/hello_world_ricky.py
[2024-10-06T04:29:28.555+0000] {logging_mixin.py:190} INFO - [2024-10-06T04:29:28.554+0000] {dag.py:3239} INFO - Sync 1 DAGs
[2024-10-06T04:29:28.578+0000] {logging_mixin.py:190} INFO - [2024-10-06T04:29:28.578+0000] {dag.py:4180} INFO - Setting next_dagrun for hello_world_ricky to 2024-10-06 00:00:00+00:00, run_after=2024-10-07 00:00:00+00:00
[2024-10-06T04:29:28.597+0000] {processor.py:208} INFO - Processing /opt/airflow/dags/hello_world_ricky.py took 0.072 seconds
[2024-10-06T04:29:59.333+0000] {processor.py:186} INFO - Started process (PID=2304) to work on /opt/airflow/dags/hello_world_ricky.py
[2024-10-06T04:29:59.333+0000] {processor.py:914} INFO - Processing file /opt/airflow/dags/hello_world_ricky.py for tasks to queue
[2024-10-06T04:29:59.335+0000] {logging_mixin.py:190} INFO - [2024-10-06T04:29:59.335+0000] {dagbag.py:588} INFO - Filling up the DagBag from /opt/airflow/dags/hello_world_ricky.py
[2024-10-06T04:29:59.342+0000] {processor.py:925} INFO - DAG(s) 'hello_world_ricky' retrieved from /opt/airflow/dags/hello_world_ricky.py
[2024-10-06T04:29:59.355+0000] {logging_mixin.py:190} INFO - [2024-10-06T04:29:59.355+0000] {dag.py:3239} INFO - Sync 1 DAGs
[2024-10-06T04:29:59.373+0000] {logging_mixin.py:190} INFO - [2024-10-06T04:29:59.373+0000] {dag.py:4180} INFO - Setting next_dagrun for hello_world_ricky to 2024-10-06 00:00:00+00:00, run_after=2024-10-07 00:00:00+00:00
[2024-10-06T04:29:59.390+0000] {processor.py:208} INFO - Processing /opt/airflow/dags/hello_world_ricky.py took 0.061 seconds
[2024-10-06T04:30:30.001+0000] {processor.py:186} INFO - Started process (PID=2367) to work on /opt/airflow/dags/hello_world_ricky.py
[2024-10-06T04:30:30.001+0000] {processor.py:914} INFO - Processing file /opt/airflow/dags/hello_world_ricky.py for tasks to queue
[2024-10-06T04:30:30.003+0000] {logging_mixin.py:190} INFO - [2024-10-06T04:30:30.003+0000] {dagbag.py:588} INFO - Filling up the DagBag from /opt/airflow/dags/hello_world_ricky.py
[2024-10-06T04:30:30.010+0000] {processor.py:925} INFO - DAG(s) 'hello_world_ricky' retrieved from /opt/airflow/dags/hello_world_ricky.py
[2024-10-06T04:30:30.023+0000] {logging_mixin.py:190} INFO - [2024-10-06T04:30:30.023+0000] {dag.py:3239} INFO - Sync 1 DAGs
[2024-10-06T04:30:30.041+0000] {logging_mixin.py:190} INFO - [2024-10-06T04:30:30.041+0000] {dag.py:4180} INFO - Setting next_dagrun for hello_world_ricky to 2024-10-06 00:00:00+00:00, run_after=2024-10-07 00:00:00+00:00
[2024-10-06T04:30:30.056+0000] {processor.py:208} INFO - Processing /opt/airflow/dags/hello_world_ricky.py took 0.060 seconds
[2024-10-06T04:31:00.187+0000] {processor.py:186} INFO - Started process (PID=2430) to work on /opt/airflow/dags/hello_world_ricky.py
[2024-10-06T04:31:00.187+0000] {processor.py:914} INFO - Processing file /opt/airflow/dags/hello_world_ricky.py for tasks to queue
[2024-10-06T04:31:00.189+0000] {logging_mixin.py:190} INFO - [2024-10-06T04:31:00.189+0000] {dagbag.py:588} INFO - Filling up the DagBag from /opt/airflow/dags/hello_world_ricky.py
[2024-10-06T04:31:00.196+0000] {processor.py:925} INFO - DAG(s) 'hello_world_ricky' retrieved from /opt/airflow/dags/hello_world_ricky.py
[2024-10-06T04:31:00.211+0000] {logging_mixin.py:190} INFO - [2024-10-06T04:31:00.211+0000] {dag.py:3239} INFO - Sync 1 DAGs
[2024-10-06T04:31:00.229+0000] {logging_mixin.py:190} INFO - [2024-10-06T04:31:00.229+0000] {dag.py:4180} INFO - Setting next_dagrun for hello_world_ricky to 2024-10-06 00:00:00+00:00, run_after=2024-10-07 00:00:00+00:00
[2024-10-06T04:31:00.258+0000] {processor.py:208} INFO - Processing /opt/airflow/dags/hello_world_ricky.py took 0.075 seconds
[2024-10-06T04:31:30.858+0000] {processor.py:186} INFO - Started process (PID=2494) to work on /opt/airflow/dags/hello_world_ricky.py
[2024-10-06T04:31:30.859+0000] {processor.py:914} INFO - Processing file /opt/airflow/dags/hello_world_ricky.py for tasks to queue
[2024-10-06T04:31:30.861+0000] {logging_mixin.py:190} INFO - [2024-10-06T04:31:30.860+0000] {dagbag.py:588} INFO - Filling up the DagBag from /opt/airflow/dags/hello_world_ricky.py
[2024-10-06T04:31:30.867+0000] {processor.py:925} INFO - DAG(s) 'hello_world_ricky' retrieved from /opt/airflow/dags/hello_world_ricky.py
[2024-10-06T04:31:30.881+0000] {logging_mixin.py:190} INFO - [2024-10-06T04:31:30.880+0000] {dag.py:3239} INFO - Sync 1 DAGs
[2024-10-06T04:31:30.899+0000] {logging_mixin.py:190} INFO - [2024-10-06T04:31:30.899+0000] {dag.py:4180} INFO - Setting next_dagrun for hello_world_ricky to 2024-10-06 00:00:00+00:00, run_after=2024-10-07 00:00:00+00:00
[2024-10-06T04:31:30.916+0000] {processor.py:208} INFO - Processing /opt/airflow/dags/hello_world_ricky.py took 0.063 seconds
[2024-10-06T04:32:01.175+0000] {processor.py:186} INFO - Started process (PID=2557) to work on /opt/airflow/dags/hello_world_ricky.py
[2024-10-06T04:32:01.176+0000] {processor.py:914} INFO - Processing file /opt/airflow/dags/hello_world_ricky.py for tasks to queue
[2024-10-06T04:32:01.178+0000] {logging_mixin.py:190} INFO - [2024-10-06T04:32:01.178+0000] {dagbag.py:588} INFO - Filling up the DagBag from /opt/airflow/dags/hello_world_ricky.py
[2024-10-06T04:32:01.188+0000] {processor.py:925} INFO - DAG(s) 'hello_world_ricky' retrieved from /opt/airflow/dags/hello_world_ricky.py
[2024-10-06T04:32:01.211+0000] {logging_mixin.py:190} INFO - [2024-10-06T04:32:01.210+0000] {dag.py:3239} INFO - Sync 1 DAGs
[2024-10-06T04:32:01.239+0000] {logging_mixin.py:190} INFO - [2024-10-06T04:32:01.239+0000] {dag.py:4180} INFO - Setting next_dagrun for hello_world_ricky to 2024-10-06 00:00:00+00:00, run_after=2024-10-07 00:00:00+00:00
[2024-10-06T04:32:01.270+0000] {processor.py:208} INFO - Processing /opt/airflow/dags/hello_world_ricky.py took 0.101 seconds
[2024-10-06T04:32:31.810+0000] {processor.py:186} INFO - Started process (PID=2620) to work on /opt/airflow/dags/hello_world_ricky.py
[2024-10-06T04:32:31.811+0000] {processor.py:914} INFO - Processing file /opt/airflow/dags/hello_world_ricky.py for tasks to queue
[2024-10-06T04:32:31.813+0000] {logging_mixin.py:190} INFO - [2024-10-06T04:32:31.812+0000] {dagbag.py:588} INFO - Filling up the DagBag from /opt/airflow/dags/hello_world_ricky.py
[2024-10-06T04:32:31.819+0000] {processor.py:925} INFO - DAG(s) 'hello_world_ricky' retrieved from /opt/airflow/dags/hello_world_ricky.py
[2024-10-06T04:32:31.833+0000] {logging_mixin.py:190} INFO - [2024-10-06T04:32:31.833+0000] {dag.py:3239} INFO - Sync 1 DAGs
[2024-10-06T04:32:31.851+0000] {logging_mixin.py:190} INFO - [2024-10-06T04:32:31.851+0000] {dag.py:4180} INFO - Setting next_dagrun for hello_world_ricky to 2024-10-06 00:00:00+00:00, run_after=2024-10-07 00:00:00+00:00
[2024-10-06T04:32:31.868+0000] {processor.py:208} INFO - Processing /opt/airflow/dags/hello_world_ricky.py took 0.062 seconds
[2024-10-06T04:33:02.811+0000] {processor.py:186} INFO - Started process (PID=2683) to work on /opt/airflow/dags/hello_world_ricky.py
[2024-10-06T04:33:02.812+0000] {processor.py:914} INFO - Processing file /opt/airflow/dags/hello_world_ricky.py for tasks to queue
[2024-10-06T04:33:02.813+0000] {logging_mixin.py:190} INFO - [2024-10-06T04:33:02.813+0000] {dagbag.py:588} INFO - Filling up the DagBag from /opt/airflow/dags/hello_world_ricky.py
[2024-10-06T04:33:02.820+0000] {processor.py:925} INFO - DAG(s) 'hello_world_ricky' retrieved from /opt/airflow/dags/hello_world_ricky.py
[2024-10-06T04:33:02.833+0000] {logging_mixin.py:190} INFO - [2024-10-06T04:33:02.833+0000] {dag.py:3239} INFO - Sync 1 DAGs
[2024-10-06T04:33:02.851+0000] {logging_mixin.py:190} INFO - [2024-10-06T04:33:02.850+0000] {dag.py:4180} INFO - Setting next_dagrun for hello_world_ricky to 2024-10-06 00:00:00+00:00, run_after=2024-10-07 00:00:00+00:00
[2024-10-06T04:33:02.868+0000] {processor.py:208} INFO - Processing /opt/airflow/dags/hello_world_ricky.py took 0.061 seconds
[2024-10-06T04:33:33.566+0000] {processor.py:186} INFO - Started process (PID=2746) to work on /opt/airflow/dags/hello_world_ricky.py
[2024-10-06T04:33:33.567+0000] {processor.py:914} INFO - Processing file /opt/airflow/dags/hello_world_ricky.py for tasks to queue
[2024-10-06T04:33:33.569+0000] {logging_mixin.py:190} INFO - [2024-10-06T04:33:33.569+0000] {dagbag.py:588} INFO - Filling up the DagBag from /opt/airflow/dags/hello_world_ricky.py
[2024-10-06T04:33:33.576+0000] {processor.py:925} INFO - DAG(s) 'hello_world_ricky' retrieved from /opt/airflow/dags/hello_world_ricky.py
[2024-10-06T04:33:33.590+0000] {logging_mixin.py:190} INFO - [2024-10-06T04:33:33.590+0000] {dag.py:3239} INFO - Sync 1 DAGs
[2024-10-06T04:33:33.608+0000] {logging_mixin.py:190} INFO - [2024-10-06T04:33:33.607+0000] {dag.py:4180} INFO - Setting next_dagrun for hello_world_ricky to 2024-10-06 00:00:00+00:00, run_after=2024-10-07 00:00:00+00:00
[2024-10-06T04:33:33.624+0000] {processor.py:208} INFO - Processing /opt/airflow/dags/hello_world_ricky.py took 0.062 seconds
[2024-10-06T04:34:04.526+0000] {processor.py:186} INFO - Started process (PID=2809) to work on /opt/airflow/dags/hello_world_ricky.py
[2024-10-06T04:34:04.527+0000] {processor.py:914} INFO - Processing file /opt/airflow/dags/hello_world_ricky.py for tasks to queue
[2024-10-06T04:34:04.529+0000] {logging_mixin.py:190} INFO - [2024-10-06T04:34:04.529+0000] {dagbag.py:588} INFO - Filling up the DagBag from /opt/airflow/dags/hello_world_ricky.py
[2024-10-06T04:34:04.537+0000] {processor.py:925} INFO - DAG(s) 'hello_world_ricky' retrieved from /opt/airflow/dags/hello_world_ricky.py
[2024-10-06T04:34:04.550+0000] {logging_mixin.py:190} INFO - [2024-10-06T04:34:04.550+0000] {dag.py:3239} INFO - Sync 1 DAGs
[2024-10-06T04:34:04.568+0000] {logging_mixin.py:190} INFO - [2024-10-06T04:34:04.568+0000] {dag.py:4180} INFO - Setting next_dagrun for hello_world_ricky to 2024-10-06 00:00:00+00:00, run_after=2024-10-07 00:00:00+00:00
[2024-10-06T04:34:04.585+0000] {processor.py:208} INFO - Processing /opt/airflow/dags/hello_world_ricky.py took 0.065 seconds
[2024-10-06T04:34:34.966+0000] {processor.py:186} INFO - Started process (PID=2873) to work on /opt/airflow/dags/hello_world_ricky.py
[2024-10-06T04:34:34.967+0000] {processor.py:914} INFO - Processing file /opt/airflow/dags/hello_world_ricky.py for tasks to queue
[2024-10-06T04:34:34.969+0000] {logging_mixin.py:190} INFO - [2024-10-06T04:34:34.968+0000] {dagbag.py:588} INFO - Filling up the DagBag from /opt/airflow/dags/hello_world_ricky.py
[2024-10-06T04:34:34.975+0000] {processor.py:925} INFO - DAG(s) 'hello_world_ricky' retrieved from /opt/airflow/dags/hello_world_ricky.py
[2024-10-06T04:34:34.990+0000] {logging_mixin.py:190} INFO - [2024-10-06T04:34:34.989+0000] {dag.py:3239} INFO - Sync 1 DAGs
[2024-10-06T04:34:35.010+0000] {logging_mixin.py:190} INFO - [2024-10-06T04:34:35.009+0000] {dag.py:4180} INFO - Setting next_dagrun for hello_world_ricky to 2024-10-06 00:00:00+00:00, run_after=2024-10-07 00:00:00+00:00
[2024-10-06T04:34:35.025+0000] {processor.py:208} INFO - Processing /opt/airflow/dags/hello_world_ricky.py took 0.063 seconds
[2024-10-06T04:35:05.840+0000] {processor.py:186} INFO - Started process (PID=2936) to work on /opt/airflow/dags/hello_world_ricky.py
[2024-10-06T04:35:05.841+0000] {processor.py:914} INFO - Processing file /opt/airflow/dags/hello_world_ricky.py for tasks to queue
[2024-10-06T04:35:05.842+0000] {logging_mixin.py:190} INFO - [2024-10-06T04:35:05.842+0000] {dagbag.py:588} INFO - Filling up the DagBag from /opt/airflow/dags/hello_world_ricky.py
[2024-10-06T04:35:05.849+0000] {processor.py:925} INFO - DAG(s) 'hello_world_ricky' retrieved from /opt/airflow/dags/hello_world_ricky.py
[2024-10-06T04:35:05.861+0000] {logging_mixin.py:190} INFO - [2024-10-06T04:35:05.861+0000] {dag.py:3239} INFO - Sync 1 DAGs
[2024-10-06T04:35:05.879+0000] {logging_mixin.py:190} INFO - [2024-10-06T04:35:05.879+0000] {dag.py:4180} INFO - Setting next_dagrun for hello_world_ricky to 2024-10-06 00:00:00+00:00, run_after=2024-10-07 00:00:00+00:00
[2024-10-06T04:35:05.896+0000] {processor.py:208} INFO - Processing /opt/airflow/dags/hello_world_ricky.py took 0.060 seconds
[2024-10-06T04:35:36.797+0000] {processor.py:186} INFO - Started process (PID=2999) to work on /opt/airflow/dags/hello_world_ricky.py
[2024-10-06T04:35:36.798+0000] {processor.py:914} INFO - Processing file /opt/airflow/dags/hello_world_ricky.py for tasks to queue
[2024-10-06T04:35:36.800+0000] {logging_mixin.py:190} INFO - [2024-10-06T04:35:36.799+0000] {dagbag.py:588} INFO - Filling up the DagBag from /opt/airflow/dags/hello_world_ricky.py
[2024-10-06T04:35:36.806+0000] {processor.py:925} INFO - DAG(s) 'hello_world_ricky' retrieved from /opt/airflow/dags/hello_world_ricky.py
[2024-10-06T04:35:36.820+0000] {logging_mixin.py:190} INFO - [2024-10-06T04:35:36.820+0000] {dag.py:3239} INFO - Sync 1 DAGs
[2024-10-06T04:35:36.840+0000] {logging_mixin.py:190} INFO - [2024-10-06T04:35:36.840+0000] {dag.py:4180} INFO - Setting next_dagrun for hello_world_ricky to 2024-10-06 00:00:00+00:00, run_after=2024-10-07 00:00:00+00:00
[2024-10-06T04:35:36.857+0000] {processor.py:208} INFO - Processing /opt/airflow/dags/hello_world_ricky.py took 0.064 seconds
[2024-10-06T04:36:07.571+0000] {processor.py:186} INFO - Started process (PID=3062) to work on /opt/airflow/dags/hello_world_ricky.py
[2024-10-06T04:36:07.571+0000] {processor.py:914} INFO - Processing file /opt/airflow/dags/hello_world_ricky.py for tasks to queue
[2024-10-06T04:36:07.573+0000] {logging_mixin.py:190} INFO - [2024-10-06T04:36:07.573+0000] {dagbag.py:588} INFO - Filling up the DagBag from /opt/airflow/dags/hello_world_ricky.py
[2024-10-06T04:36:07.580+0000] {processor.py:925} INFO - DAG(s) 'hello_world_ricky' retrieved from /opt/airflow/dags/hello_world_ricky.py
[2024-10-06T04:36:07.593+0000] {logging_mixin.py:190} INFO - [2024-10-06T04:36:07.593+0000] {dag.py:3239} INFO - Sync 1 DAGs
[2024-10-06T04:36:07.611+0000] {logging_mixin.py:190} INFO - [2024-10-06T04:36:07.611+0000] {dag.py:4180} INFO - Setting next_dagrun for hello_world_ricky to 2024-10-06 00:00:00+00:00, run_after=2024-10-07 00:00:00+00:00
[2024-10-06T04:36:07.628+0000] {processor.py:208} INFO - Processing /opt/airflow/dags/hello_world_ricky.py took 0.062 seconds
[2024-10-06T04:36:37.849+0000] {processor.py:186} INFO - Started process (PID=3126) to work on /opt/airflow/dags/hello_world_ricky.py
[2024-10-06T04:36:37.850+0000] {processor.py:914} INFO - Processing file /opt/airflow/dags/hello_world_ricky.py for tasks to queue
[2024-10-06T04:36:37.852+0000] {logging_mixin.py:190} INFO - [2024-10-06T04:36:37.851+0000] {dagbag.py:588} INFO - Filling up the DagBag from /opt/airflow/dags/hello_world_ricky.py
[2024-10-06T04:36:37.858+0000] {processor.py:925} INFO - DAG(s) 'hello_world_ricky' retrieved from /opt/airflow/dags/hello_world_ricky.py
[2024-10-06T04:36:37.872+0000] {logging_mixin.py:190} INFO - [2024-10-06T04:36:37.872+0000] {dag.py:3239} INFO - Sync 1 DAGs
[2024-10-06T04:36:38.062+0000] {logging_mixin.py:190} INFO - [2024-10-06T04:36:38.062+0000] {dag.py:4180} INFO - Setting next_dagrun for hello_world_ricky to 2024-10-06 00:00:00+00:00, run_after=2024-10-07 00:00:00+00:00
[2024-10-06T04:36:38.079+0000] {processor.py:208} INFO - Processing /opt/airflow/dags/hello_world_ricky.py took 0.234 seconds
[2024-10-06T04:37:08.596+0000] {processor.py:186} INFO - Started process (PID=3189) to work on /opt/airflow/dags/hello_world_ricky.py
[2024-10-06T04:37:08.597+0000] {processor.py:914} INFO - Processing file /opt/airflow/dags/hello_world_ricky.py for tasks to queue
[2024-10-06T04:37:08.599+0000] {logging_mixin.py:190} INFO - [2024-10-06T04:37:08.598+0000] {dagbag.py:588} INFO - Filling up the DagBag from /opt/airflow/dags/hello_world_ricky.py
[2024-10-06T04:37:08.605+0000] {processor.py:925} INFO - DAG(s) 'hello_world_ricky' retrieved from /opt/airflow/dags/hello_world_ricky.py
[2024-10-06T04:37:08.619+0000] {logging_mixin.py:190} INFO - [2024-10-06T04:37:08.619+0000] {dag.py:3239} INFO - Sync 1 DAGs
[2024-10-06T04:37:08.767+0000] {logging_mixin.py:190} INFO - [2024-10-06T04:37:08.767+0000] {dag.py:4180} INFO - Setting next_dagrun for hello_world_ricky to 2024-10-06 00:00:00+00:00, run_after=2024-10-07 00:00:00+00:00
[2024-10-06T04:37:08.783+0000] {processor.py:208} INFO - Processing /opt/airflow/dags/hello_world_ricky.py took 0.191 seconds
[2024-10-06T04:37:39.611+0000] {processor.py:186} INFO - Started process (PID=3253) to work on /opt/airflow/dags/hello_world_ricky.py
[2024-10-06T04:37:39.612+0000] {processor.py:914} INFO - Processing file /opt/airflow/dags/hello_world_ricky.py for tasks to queue
[2024-10-06T04:37:39.613+0000] {logging_mixin.py:190} INFO - [2024-10-06T04:37:39.613+0000] {dagbag.py:588} INFO - Filling up the DagBag from /opt/airflow/dags/hello_world_ricky.py
[2024-10-06T04:37:39.620+0000] {processor.py:925} INFO - DAG(s) 'hello_world_ricky' retrieved from /opt/airflow/dags/hello_world_ricky.py
[2024-10-06T04:37:39.633+0000] {logging_mixin.py:190} INFO - [2024-10-06T04:37:39.633+0000] {dag.py:3239} INFO - Sync 1 DAGs
[2024-10-06T04:37:39.651+0000] {logging_mixin.py:190} INFO - [2024-10-06T04:37:39.651+0000] {dag.py:4180} INFO - Setting next_dagrun for hello_world_ricky to 2024-10-06 00:00:00+00:00, run_after=2024-10-07 00:00:00+00:00
[2024-10-06T04:37:39.668+0000] {processor.py:208} INFO - Processing /opt/airflow/dags/hello_world_ricky.py took 0.061 seconds
[2024-10-06T04:38:09.911+0000] {processor.py:186} INFO - Started process (PID=3317) to work on /opt/airflow/dags/hello_world_ricky.py
[2024-10-06T04:38:09.912+0000] {processor.py:914} INFO - Processing file /opt/airflow/dags/hello_world_ricky.py for tasks to queue
[2024-10-06T04:38:09.914+0000] {logging_mixin.py:190} INFO - [2024-10-06T04:38:09.913+0000] {dagbag.py:588} INFO - Filling up the DagBag from /opt/airflow/dags/hello_world_ricky.py
[2024-10-06T04:38:09.921+0000] {processor.py:925} INFO - DAG(s) 'hello_world_ricky' retrieved from /opt/airflow/dags/hello_world_ricky.py
[2024-10-06T04:38:09.934+0000] {logging_mixin.py:190} INFO - [2024-10-06T04:38:09.934+0000] {dag.py:3239} INFO - Sync 1 DAGs
[2024-10-06T04:38:09.952+0000] {logging_mixin.py:190} INFO - [2024-10-06T04:38:09.952+0000] {dag.py:4180} INFO - Setting next_dagrun for hello_world_ricky to 2024-10-06 00:00:00+00:00, run_after=2024-10-07 00:00:00+00:00
[2024-10-06T04:38:09.969+0000] {processor.py:208} INFO - Processing /opt/airflow/dags/hello_world_ricky.py took 0.062 seconds
[2024-10-06T04:38:40.309+0000] {processor.py:186} INFO - Started process (PID=3380) to work on /opt/airflow/dags/hello_world_ricky.py
[2024-10-06T04:38:40.310+0000] {processor.py:914} INFO - Processing file /opt/airflow/dags/hello_world_ricky.py for tasks to queue
[2024-10-06T04:38:40.312+0000] {logging_mixin.py:190} INFO - [2024-10-06T04:38:40.311+0000] {dagbag.py:588} INFO - Filling up the DagBag from /opt/airflow/dags/hello_world_ricky.py
[2024-10-06T04:38:40.318+0000] {processor.py:925} INFO - DAG(s) 'hello_world_ricky' retrieved from /opt/airflow/dags/hello_world_ricky.py
[2024-10-06T04:38:40.332+0000] {logging_mixin.py:190} INFO - [2024-10-06T04:38:40.332+0000] {dag.py:3239} INFO - Sync 1 DAGs
[2024-10-06T04:38:40.350+0000] {logging_mixin.py:190} INFO - [2024-10-06T04:38:40.350+0000] {dag.py:4180} INFO - Setting next_dagrun for hello_world_ricky to 2024-10-06 00:00:00+00:00, run_after=2024-10-07 00:00:00+00:00
[2024-10-06T04:38:40.368+0000] {processor.py:208} INFO - Processing /opt/airflow/dags/hello_world_ricky.py took 0.063 seconds
[2024-10-06T04:39:10.663+0000] {processor.py:186} INFO - Started process (PID=3443) to work on /opt/airflow/dags/hello_world_ricky.py
[2024-10-06T04:39:10.664+0000] {processor.py:914} INFO - Processing file /opt/airflow/dags/hello_world_ricky.py for tasks to queue
[2024-10-06T04:39:10.665+0000] {logging_mixin.py:190} INFO - [2024-10-06T04:39:10.665+0000] {dagbag.py:588} INFO - Filling up the DagBag from /opt/airflow/dags/hello_world_ricky.py
[2024-10-06T04:39:10.672+0000] {processor.py:925} INFO - DAG(s) 'hello_world_ricky' retrieved from /opt/airflow/dags/hello_world_ricky.py
[2024-10-06T04:39:10.686+0000] {logging_mixin.py:190} INFO - [2024-10-06T04:39:10.686+0000] {dag.py:3239} INFO - Sync 1 DAGs
[2024-10-06T04:39:10.706+0000] {logging_mixin.py:190} INFO - [2024-10-06T04:39:10.706+0000] {dag.py:4180} INFO - Setting next_dagrun for hello_world_ricky to 2024-10-06 00:00:00+00:00, run_after=2024-10-07 00:00:00+00:00
[2024-10-06T04:39:10.724+0000] {processor.py:208} INFO - Processing /opt/airflow/dags/hello_world_ricky.py took 0.065 seconds
[2024-10-06T04:39:41.005+0000] {processor.py:186} INFO - Started process (PID=3506) to work on /opt/airflow/dags/hello_world_ricky.py
[2024-10-06T04:39:41.006+0000] {processor.py:914} INFO - Processing file /opt/airflow/dags/hello_world_ricky.py for tasks to queue
[2024-10-06T04:39:41.007+0000] {logging_mixin.py:190} INFO - [2024-10-06T04:39:41.007+0000] {dagbag.py:588} INFO - Filling up the DagBag from /opt/airflow/dags/hello_world_ricky.py
[2024-10-06T04:39:41.014+0000] {processor.py:925} INFO - DAG(s) 'hello_world_ricky' retrieved from /opt/airflow/dags/hello_world_ricky.py
[2024-10-06T04:39:41.028+0000] {logging_mixin.py:190} INFO - [2024-10-06T04:39:41.028+0000] {dag.py:3239} INFO - Sync 1 DAGs
[2024-10-06T04:39:41.047+0000] {logging_mixin.py:190} INFO - [2024-10-06T04:39:41.046+0000] {dag.py:4180} INFO - Setting next_dagrun for hello_world_ricky to 2024-10-06 00:00:00+00:00, run_after=2024-10-07 00:00:00+00:00
[2024-10-06T04:39:41.069+0000] {processor.py:208} INFO - Processing /opt/airflow/dags/hello_world_ricky.py took 0.068 seconds
[2024-10-06T04:40:11.475+0000] {processor.py:186} INFO - Started process (PID=3569) to work on /opt/airflow/dags/hello_world_ricky.py
[2024-10-06T04:40:11.475+0000] {processor.py:914} INFO - Processing file /opt/airflow/dags/hello_world_ricky.py for tasks to queue
[2024-10-06T04:40:11.477+0000] {logging_mixin.py:190} INFO - [2024-10-06T04:40:11.477+0000] {dagbag.py:588} INFO - Filling up the DagBag from /opt/airflow/dags/hello_world_ricky.py
[2024-10-06T04:40:11.484+0000] {processor.py:925} INFO - DAG(s) 'hello_world_ricky' retrieved from /opt/airflow/dags/hello_world_ricky.py
[2024-10-06T04:40:11.499+0000] {logging_mixin.py:190} INFO - [2024-10-06T04:40:11.499+0000] {dag.py:3239} INFO - Sync 1 DAGs
[2024-10-06T04:40:11.520+0000] {logging_mixin.py:190} INFO - [2024-10-06T04:40:11.520+0000] {dag.py:4180} INFO - Setting next_dagrun for hello_world_ricky to 2024-10-06 00:00:00+00:00, run_after=2024-10-07 00:00:00+00:00
[2024-10-06T04:40:11.537+0000] {processor.py:208} INFO - Processing /opt/airflow/dags/hello_world_ricky.py took 0.067 seconds
[2024-10-06T04:40:41.886+0000] {processor.py:186} INFO - Started process (PID=3632) to work on /opt/airflow/dags/hello_world_ricky.py
[2024-10-06T04:40:41.886+0000] {processor.py:914} INFO - Processing file /opt/airflow/dags/hello_world_ricky.py for tasks to queue
[2024-10-06T04:40:41.888+0000] {logging_mixin.py:190} INFO - [2024-10-06T04:40:41.888+0000] {dagbag.py:588} INFO - Filling up the DagBag from /opt/airflow/dags/hello_world_ricky.py
[2024-10-06T04:40:41.895+0000] {processor.py:925} INFO - DAG(s) 'hello_world_ricky' retrieved from /opt/airflow/dags/hello_world_ricky.py
[2024-10-06T04:40:41.910+0000] {logging_mixin.py:190} INFO - [2024-10-06T04:40:41.910+0000] {dag.py:3239} INFO - Sync 1 DAGs
[2024-10-06T04:40:41.931+0000] {logging_mixin.py:190} INFO - [2024-10-06T04:40:41.931+0000] {dag.py:4180} INFO - Setting next_dagrun for hello_world_ricky to 2024-10-06 00:00:00+00:00, run_after=2024-10-07 00:00:00+00:00
[2024-10-06T04:40:41.954+0000] {processor.py:208} INFO - Processing /opt/airflow/dags/hello_world_ricky.py took 0.073 seconds
[2024-10-06T04:41:12.260+0000] {processor.py:186} INFO - Started process (PID=3695) to work on /opt/airflow/dags/hello_world_ricky.py
[2024-10-06T04:41:12.261+0000] {processor.py:914} INFO - Processing file /opt/airflow/dags/hello_world_ricky.py for tasks to queue
[2024-10-06T04:41:12.263+0000] {logging_mixin.py:190} INFO - [2024-10-06T04:41:12.262+0000] {dagbag.py:588} INFO - Filling up the DagBag from /opt/airflow/dags/hello_world_ricky.py
[2024-10-06T04:41:12.269+0000] {processor.py:925} INFO - DAG(s) 'hello_world_ricky' retrieved from /opt/airflow/dags/hello_world_ricky.py
[2024-10-06T04:41:12.285+0000] {logging_mixin.py:190} INFO - [2024-10-06T04:41:12.285+0000] {dag.py:3239} INFO - Sync 1 DAGs
[2024-10-06T04:41:12.310+0000] {logging_mixin.py:190} INFO - [2024-10-06T04:41:12.310+0000] {dag.py:4180} INFO - Setting next_dagrun for hello_world_ricky to 2024-10-06 00:00:00+00:00, run_after=2024-10-07 00:00:00+00:00
[2024-10-06T04:41:12.325+0000] {processor.py:208} INFO - Processing /opt/airflow/dags/hello_world_ricky.py took 0.070 seconds
[2024-10-06T04:41:42.431+0000] {processor.py:186} INFO - Started process (PID=3758) to work on /opt/airflow/dags/hello_world_ricky.py
[2024-10-06T04:41:42.431+0000] {processor.py:914} INFO - Processing file /opt/airflow/dags/hello_world_ricky.py for tasks to queue
[2024-10-06T04:41:42.433+0000] {logging_mixin.py:190} INFO - [2024-10-06T04:41:42.433+0000] {dagbag.py:588} INFO - Filling up the DagBag from /opt/airflow/dags/hello_world_ricky.py
[2024-10-06T04:41:42.441+0000] {processor.py:925} INFO - DAG(s) 'hello_world_ricky' retrieved from /opt/airflow/dags/hello_world_ricky.py
[2024-10-06T04:41:42.454+0000] {logging_mixin.py:190} INFO - [2024-10-06T04:41:42.454+0000] {dag.py:3239} INFO - Sync 1 DAGs
[2024-10-06T04:41:42.473+0000] {logging_mixin.py:190} INFO - [2024-10-06T04:41:42.473+0000] {dag.py:4180} INFO - Setting next_dagrun for hello_world_ricky to 2024-10-06 00:00:00+00:00, run_after=2024-10-07 00:00:00+00:00
[2024-10-06T04:41:42.489+0000] {processor.py:208} INFO - Processing /opt/airflow/dags/hello_world_ricky.py took 0.062 seconds
[2024-10-06T04:42:12.809+0000] {processor.py:186} INFO - Started process (PID=3821) to work on /opt/airflow/dags/hello_world_ricky.py
[2024-10-06T04:42:12.809+0000] {processor.py:914} INFO - Processing file /opt/airflow/dags/hello_world_ricky.py for tasks to queue
[2024-10-06T04:42:12.811+0000] {logging_mixin.py:190} INFO - [2024-10-06T04:42:12.811+0000] {dagbag.py:588} INFO - Filling up the DagBag from /opt/airflow/dags/hello_world_ricky.py
[2024-10-06T04:42:12.820+0000] {processor.py:925} INFO - DAG(s) 'hello_world_ricky' retrieved from /opt/airflow/dags/hello_world_ricky.py
[2024-10-06T04:42:12.834+0000] {logging_mixin.py:190} INFO - [2024-10-06T04:42:12.834+0000] {dag.py:3239} INFO - Sync 1 DAGs
[2024-10-06T04:42:12.853+0000] {logging_mixin.py:190} INFO - [2024-10-06T04:42:12.852+0000] {dag.py:4180} INFO - Setting next_dagrun for hello_world_ricky to 2024-10-06 00:00:00+00:00, run_after=2024-10-07 00:00:00+00:00
[2024-10-06T04:42:12.870+0000] {processor.py:208} INFO - Processing /opt/airflow/dags/hello_world_ricky.py took 0.066 seconds
[2024-10-06T04:42:43.129+0000] {processor.py:186} INFO - Started process (PID=3884) to work on /opt/airflow/dags/hello_world_ricky.py
[2024-10-06T04:42:43.129+0000] {processor.py:914} INFO - Processing file /opt/airflow/dags/hello_world_ricky.py for tasks to queue
[2024-10-06T04:42:43.131+0000] {logging_mixin.py:190} INFO - [2024-10-06T04:42:43.131+0000] {dagbag.py:588} INFO - Filling up the DagBag from /opt/airflow/dags/hello_world_ricky.py
[2024-10-06T04:42:43.138+0000] {processor.py:925} INFO - DAG(s) 'hello_world_ricky' retrieved from /opt/airflow/dags/hello_world_ricky.py
[2024-10-06T04:42:43.151+0000] {logging_mixin.py:190} INFO - [2024-10-06T04:42:43.151+0000] {dag.py:3239} INFO - Sync 1 DAGs
[2024-10-06T04:42:43.169+0000] {logging_mixin.py:190} INFO - [2024-10-06T04:42:43.169+0000] {dag.py:4180} INFO - Setting next_dagrun for hello_world_ricky to 2024-10-06 00:00:00+00:00, run_after=2024-10-07 00:00:00+00:00
[2024-10-06T04:42:43.186+0000] {processor.py:208} INFO - Processing /opt/airflow/dags/hello_world_ricky.py took 0.061 seconds
[2024-10-06T04:43:13.348+0000] {processor.py:186} INFO - Started process (PID=3947) to work on /opt/airflow/dags/hello_world_ricky.py
[2024-10-06T04:43:13.349+0000] {processor.py:914} INFO - Processing file /opt/airflow/dags/hello_world_ricky.py for tasks to queue
[2024-10-06T04:43:13.351+0000] {logging_mixin.py:190} INFO - [2024-10-06T04:43:13.350+0000] {dagbag.py:588} INFO - Filling up the DagBag from /opt/airflow/dags/hello_world_ricky.py
[2024-10-06T04:43:13.357+0000] {processor.py:925} INFO - DAG(s) 'hello_world_ricky' retrieved from /opt/airflow/dags/hello_world_ricky.py
[2024-10-06T04:43:13.372+0000] {logging_mixin.py:190} INFO - [2024-10-06T04:43:13.372+0000] {dag.py:3239} INFO - Sync 1 DAGs
[2024-10-06T04:43:13.390+0000] {logging_mixin.py:190} INFO - [2024-10-06T04:43:13.390+0000] {dag.py:4180} INFO - Setting next_dagrun for hello_world_ricky to 2024-10-06 00:00:00+00:00, run_after=2024-10-07 00:00:00+00:00
[2024-10-06T04:43:13.409+0000] {processor.py:208} INFO - Processing /opt/airflow/dags/hello_world_ricky.py took 0.065 seconds
[2024-10-06T04:43:43.963+0000] {processor.py:186} INFO - Started process (PID=4010) to work on /opt/airflow/dags/hello_world_ricky.py
[2024-10-06T04:43:43.964+0000] {processor.py:914} INFO - Processing file /opt/airflow/dags/hello_world_ricky.py for tasks to queue
[2024-10-06T04:43:43.965+0000] {logging_mixin.py:190} INFO - [2024-10-06T04:43:43.965+0000] {dagbag.py:588} INFO - Filling up the DagBag from /opt/airflow/dags/hello_world_ricky.py
[2024-10-06T04:43:43.972+0000] {processor.py:925} INFO - DAG(s) 'hello_world_ricky' retrieved from /opt/airflow/dags/hello_world_ricky.py
[2024-10-06T04:43:43.986+0000] {logging_mixin.py:190} INFO - [2024-10-06T04:43:43.986+0000] {dag.py:3239} INFO - Sync 1 DAGs
[2024-10-06T04:43:44.004+0000] {logging_mixin.py:190} INFO - [2024-10-06T04:43:44.004+0000] {dag.py:4180} INFO - Setting next_dagrun for hello_world_ricky to 2024-10-06 00:00:00+00:00, run_after=2024-10-07 00:00:00+00:00
[2024-10-06T04:43:44.024+0000] {processor.py:208} INFO - Processing /opt/airflow/dags/hello_world_ricky.py took 0.065 seconds
[2024-10-06T04:44:14.126+0000] {processor.py:186} INFO - Started process (PID=4073) to work on /opt/airflow/dags/hello_world_ricky.py
[2024-10-06T04:44:14.127+0000] {processor.py:914} INFO - Processing file /opt/airflow/dags/hello_world_ricky.py for tasks to queue
[2024-10-06T04:44:14.128+0000] {logging_mixin.py:190} INFO - [2024-10-06T04:44:14.128+0000] {dagbag.py:588} INFO - Filling up the DagBag from /opt/airflow/dags/hello_world_ricky.py
[2024-10-06T04:44:14.135+0000] {processor.py:925} INFO - DAG(s) 'hello_world_ricky' retrieved from /opt/airflow/dags/hello_world_ricky.py
[2024-10-06T04:44:14.149+0000] {logging_mixin.py:190} INFO - [2024-10-06T04:44:14.148+0000] {dag.py:3239} INFO - Sync 1 DAGs
[2024-10-06T04:44:14.167+0000] {logging_mixin.py:190} INFO - [2024-10-06T04:44:14.167+0000] {dag.py:4180} INFO - Setting next_dagrun for hello_world_ricky to 2024-10-06 00:00:00+00:00, run_after=2024-10-07 00:00:00+00:00
[2024-10-06T04:44:14.194+0000] {processor.py:208} INFO - Processing /opt/airflow/dags/hello_world_ricky.py took 0.072 seconds
[2024-10-06T04:44:44.550+0000] {processor.py:186} INFO - Started process (PID=4137) to work on /opt/airflow/dags/hello_world_ricky.py
[2024-10-06T04:44:44.551+0000] {processor.py:914} INFO - Processing file /opt/airflow/dags/hello_world_ricky.py for tasks to queue
[2024-10-06T04:44:44.552+0000] {logging_mixin.py:190} INFO - [2024-10-06T04:44:44.552+0000] {dagbag.py:588} INFO - Filling up the DagBag from /opt/airflow/dags/hello_world_ricky.py
[2024-10-06T04:44:44.559+0000] {processor.py:925} INFO - DAG(s) 'hello_world_ricky' retrieved from /opt/airflow/dags/hello_world_ricky.py
[2024-10-06T04:44:44.572+0000] {logging_mixin.py:190} INFO - [2024-10-06T04:44:44.572+0000] {dag.py:3239} INFO - Sync 1 DAGs
[2024-10-06T04:44:44.590+0000] {logging_mixin.py:190} INFO - [2024-10-06T04:44:44.590+0000] {dag.py:4180} INFO - Setting next_dagrun for hello_world_ricky to 2024-10-06 00:00:00+00:00, run_after=2024-10-07 00:00:00+00:00
[2024-10-06T04:44:44.619+0000] {processor.py:208} INFO - Processing /opt/airflow/dags/hello_world_ricky.py took 0.074 seconds
[2024-10-06T04:45:15.057+0000] {processor.py:186} INFO - Started process (PID=4200) to work on /opt/airflow/dags/hello_world_ricky.py
[2024-10-06T04:45:15.058+0000] {processor.py:914} INFO - Processing file /opt/airflow/dags/hello_world_ricky.py for tasks to queue
[2024-10-06T04:45:15.059+0000] {logging_mixin.py:190} INFO - [2024-10-06T04:45:15.059+0000] {dagbag.py:588} INFO - Filling up the DagBag from /opt/airflow/dags/hello_world_ricky.py
[2024-10-06T04:45:15.066+0000] {processor.py:925} INFO - DAG(s) 'hello_world_ricky' retrieved from /opt/airflow/dags/hello_world_ricky.py
[2024-10-06T04:45:15.079+0000] {logging_mixin.py:190} INFO - [2024-10-06T04:45:15.079+0000] {dag.py:3239} INFO - Sync 1 DAGs
[2024-10-06T04:45:15.101+0000] {logging_mixin.py:190} INFO - [2024-10-06T04:45:15.101+0000] {dag.py:4180} INFO - Setting next_dagrun for hello_world_ricky to 2024-10-06 00:00:00+00:00, run_after=2024-10-07 00:00:00+00:00
[2024-10-06T04:45:15.117+0000] {processor.py:208} INFO - Processing /opt/airflow/dags/hello_world_ricky.py took 0.064 seconds
[2024-10-06T04:45:46.082+0000] {processor.py:186} INFO - Started process (PID=4263) to work on /opt/airflow/dags/hello_world_ricky.py
[2024-10-06T04:45:46.082+0000] {processor.py:914} INFO - Processing file /opt/airflow/dags/hello_world_ricky.py for tasks to queue
[2024-10-06T04:45:46.084+0000] {logging_mixin.py:190} INFO - [2024-10-06T04:45:46.084+0000] {dagbag.py:588} INFO - Filling up the DagBag from /opt/airflow/dags/hello_world_ricky.py
[2024-10-06T04:45:46.090+0000] {processor.py:925} INFO - DAG(s) 'hello_world_ricky' retrieved from /opt/airflow/dags/hello_world_ricky.py
[2024-10-06T04:45:46.103+0000] {logging_mixin.py:190} INFO - [2024-10-06T04:45:46.103+0000] {dag.py:3239} INFO - Sync 1 DAGs
[2024-10-06T04:45:46.121+0000] {logging_mixin.py:190} INFO - [2024-10-06T04:45:46.121+0000] {dag.py:4180} INFO - Setting next_dagrun for hello_world_ricky to 2024-10-06 00:00:00+00:00, run_after=2024-10-07 00:00:00+00:00
[2024-10-06T04:45:46.137+0000] {processor.py:208} INFO - Processing /opt/airflow/dags/hello_world_ricky.py took 0.059 seconds
[2024-10-06T04:46:16.530+0000] {processor.py:186} INFO - Started process (PID=4326) to work on /opt/airflow/dags/hello_world_ricky.py
[2024-10-06T04:46:16.531+0000] {processor.py:914} INFO - Processing file /opt/airflow/dags/hello_world_ricky.py for tasks to queue
[2024-10-06T04:46:16.533+0000] {logging_mixin.py:190} INFO - [2024-10-06T04:46:16.532+0000] {dagbag.py:588} INFO - Filling up the DagBag from /opt/airflow/dags/hello_world_ricky.py
[2024-10-06T04:46:16.539+0000] {processor.py:925} INFO - DAG(s) 'hello_world_ricky' retrieved from /opt/airflow/dags/hello_world_ricky.py
[2024-10-06T04:46:16.553+0000] {logging_mixin.py:190} INFO - [2024-10-06T04:46:16.553+0000] {dag.py:3239} INFO - Sync 1 DAGs
[2024-10-06T04:46:16.571+0000] {logging_mixin.py:190} INFO - [2024-10-06T04:46:16.570+0000] {dag.py:4180} INFO - Setting next_dagrun for hello_world_ricky to 2024-10-06 00:00:00+00:00, run_after=2024-10-07 00:00:00+00:00
[2024-10-06T04:46:16.604+0000] {processor.py:208} INFO - Processing /opt/airflow/dags/hello_world_ricky.py took 0.078 seconds
[2024-10-06T04:46:47.188+0000] {processor.py:186} INFO - Started process (PID=4389) to work on /opt/airflow/dags/hello_world_ricky.py
[2024-10-06T04:46:47.188+0000] {processor.py:914} INFO - Processing file /opt/airflow/dags/hello_world_ricky.py for tasks to queue
[2024-10-06T04:46:47.190+0000] {logging_mixin.py:190} INFO - [2024-10-06T04:46:47.190+0000] {dagbag.py:588} INFO - Filling up the DagBag from /opt/airflow/dags/hello_world_ricky.py
[2024-10-06T04:46:47.197+0000] {processor.py:925} INFO - DAG(s) 'hello_world_ricky' retrieved from /opt/airflow/dags/hello_world_ricky.py
[2024-10-06T04:46:47.211+0000] {logging_mixin.py:190} INFO - [2024-10-06T04:46:47.211+0000] {dag.py:3239} INFO - Sync 1 DAGs
[2024-10-06T04:46:47.229+0000] {logging_mixin.py:190} INFO - [2024-10-06T04:46:47.229+0000] {dag.py:4180} INFO - Setting next_dagrun for hello_world_ricky to 2024-10-06 00:00:00+00:00, run_after=2024-10-07 00:00:00+00:00
[2024-10-06T04:46:47.245+0000] {processor.py:208} INFO - Processing /opt/airflow/dags/hello_world_ricky.py took 0.062 seconds
[2024-10-06T04:47:17.963+0000] {processor.py:186} INFO - Started process (PID=4452) to work on /opt/airflow/dags/hello_world_ricky.py
[2024-10-06T04:47:17.963+0000] {processor.py:914} INFO - Processing file /opt/airflow/dags/hello_world_ricky.py for tasks to queue
[2024-10-06T04:47:17.965+0000] {logging_mixin.py:190} INFO - [2024-10-06T04:47:17.965+0000] {dagbag.py:588} INFO - Filling up the DagBag from /opt/airflow/dags/hello_world_ricky.py
[2024-10-06T04:47:17.973+0000] {processor.py:925} INFO - DAG(s) 'hello_world_ricky' retrieved from /opt/airflow/dags/hello_world_ricky.py
[2024-10-06T04:47:17.986+0000] {logging_mixin.py:190} INFO - [2024-10-06T04:47:17.986+0000] {dag.py:3239} INFO - Sync 1 DAGs
[2024-10-06T04:47:18.006+0000] {logging_mixin.py:190} INFO - [2024-10-06T04:47:18.006+0000] {dag.py:4180} INFO - Setting next_dagrun for hello_world_ricky to 2024-10-06 00:00:00+00:00, run_after=2024-10-07 00:00:00+00:00
[2024-10-06T04:47:18.031+0000] {processor.py:208} INFO - Processing /opt/airflow/dags/hello_world_ricky.py took 0.072 seconds
[2024-10-06T04:47:48.254+0000] {processor.py:186} INFO - Started process (PID=4515) to work on /opt/airflow/dags/hello_world_ricky.py
[2024-10-06T04:47:48.255+0000] {processor.py:914} INFO - Processing file /opt/airflow/dags/hello_world_ricky.py for tasks to queue
[2024-10-06T04:47:48.256+0000] {logging_mixin.py:190} INFO - [2024-10-06T04:47:48.256+0000] {dagbag.py:588} INFO - Filling up the DagBag from /opt/airflow/dags/hello_world_ricky.py
[2024-10-06T04:47:48.263+0000] {processor.py:925} INFO - DAG(s) 'hello_world_ricky' retrieved from /opt/airflow/dags/hello_world_ricky.py
[2024-10-06T04:47:48.277+0000] {logging_mixin.py:190} INFO - [2024-10-06T04:47:48.277+0000] {dag.py:3239} INFO - Sync 1 DAGs
[2024-10-06T04:47:48.295+0000] {logging_mixin.py:190} INFO - [2024-10-06T04:47:48.295+0000] {dag.py:4180} INFO - Setting next_dagrun for hello_world_ricky to 2024-10-06 00:00:00+00:00, run_after=2024-10-07 00:00:00+00:00
[2024-10-06T04:47:48.312+0000] {processor.py:208} INFO - Processing /opt/airflow/dags/hello_world_ricky.py took 0.062 seconds
[2024-10-06T04:48:18.646+0000] {processor.py:186} INFO - Started process (PID=4578) to work on /opt/airflow/dags/hello_world_ricky.py
[2024-10-06T04:48:18.647+0000] {processor.py:914} INFO - Processing file /opt/airflow/dags/hello_world_ricky.py for tasks to queue
[2024-10-06T04:48:18.648+0000] {logging_mixin.py:190} INFO - [2024-10-06T04:48:18.648+0000] {dagbag.py:588} INFO - Filling up the DagBag from /opt/airflow/dags/hello_world_ricky.py
[2024-10-06T04:48:18.655+0000] {processor.py:925} INFO - DAG(s) 'hello_world_ricky' retrieved from /opt/airflow/dags/hello_world_ricky.py
[2024-10-06T04:48:18.668+0000] {logging_mixin.py:190} INFO - [2024-10-06T04:48:18.668+0000] {dag.py:3239} INFO - Sync 1 DAGs
[2024-10-06T04:48:18.686+0000] {logging_mixin.py:190} INFO - [2024-10-06T04:48:18.686+0000] {dag.py:4180} INFO - Setting next_dagrun for hello_world_ricky to 2024-10-06 00:00:00+00:00, run_after=2024-10-07 00:00:00+00:00
[2024-10-06T04:48:18.702+0000] {processor.py:208} INFO - Processing /opt/airflow/dags/hello_world_ricky.py took 0.061 seconds
[2024-10-06T04:48:48.890+0000] {processor.py:186} INFO - Started process (PID=4641) to work on /opt/airflow/dags/hello_world_ricky.py
[2024-10-06T04:48:48.890+0000] {processor.py:914} INFO - Processing file /opt/airflow/dags/hello_world_ricky.py for tasks to queue
[2024-10-06T04:48:48.892+0000] {logging_mixin.py:190} INFO - [2024-10-06T04:48:48.892+0000] {dagbag.py:588} INFO - Filling up the DagBag from /opt/airflow/dags/hello_world_ricky.py
[2024-10-06T04:48:48.900+0000] {processor.py:925} INFO - DAG(s) 'hello_world_ricky' retrieved from /opt/airflow/dags/hello_world_ricky.py
[2024-10-06T04:48:48.914+0000] {logging_mixin.py:190} INFO - [2024-10-06T04:48:48.914+0000] {dag.py:3239} INFO - Sync 1 DAGs
[2024-10-06T04:48:48.932+0000] {logging_mixin.py:190} INFO - [2024-10-06T04:48:48.932+0000] {dag.py:4180} INFO - Setting next_dagrun for hello_world_ricky to 2024-10-06 00:00:00+00:00, run_after=2024-10-07 00:00:00+00:00
[2024-10-06T04:48:48.949+0000] {processor.py:208} INFO - Processing /opt/airflow/dags/hello_world_ricky.py took 0.064 seconds
[2024-10-06T04:49:19.167+0000] {processor.py:186} INFO - Started process (PID=4705) to work on /opt/airflow/dags/hello_world_ricky.py
[2024-10-06T04:49:19.168+0000] {processor.py:914} INFO - Processing file /opt/airflow/dags/hello_world_ricky.py for tasks to queue
[2024-10-06T04:49:19.169+0000] {logging_mixin.py:190} INFO - [2024-10-06T04:49:19.169+0000] {dagbag.py:588} INFO - Filling up the DagBag from /opt/airflow/dags/hello_world_ricky.py
[2024-10-06T04:49:19.176+0000] {processor.py:925} INFO - DAG(s) 'hello_world_ricky' retrieved from /opt/airflow/dags/hello_world_ricky.py
[2024-10-06T04:49:19.191+0000] {logging_mixin.py:190} INFO - [2024-10-06T04:49:19.190+0000] {dag.py:3239} INFO - Sync 1 DAGs
[2024-10-06T04:49:19.209+0000] {logging_mixin.py:190} INFO - [2024-10-06T04:49:19.208+0000] {dag.py:4180} INFO - Setting next_dagrun for hello_world_ricky to 2024-10-06 00:00:00+00:00, run_after=2024-10-07 00:00:00+00:00
[2024-10-06T04:49:19.225+0000] {processor.py:208} INFO - Processing /opt/airflow/dags/hello_world_ricky.py took 0.062 seconds
[2024-10-06T04:49:49.362+0000] {processor.py:186} INFO - Started process (PID=4768) to work on /opt/airflow/dags/hello_world_ricky.py
[2024-10-06T04:49:49.363+0000] {processor.py:914} INFO - Processing file /opt/airflow/dags/hello_world_ricky.py for tasks to queue
[2024-10-06T04:49:49.365+0000] {logging_mixin.py:190} INFO - [2024-10-06T04:49:49.364+0000] {dagbag.py:588} INFO - Filling up the DagBag from /opt/airflow/dags/hello_world_ricky.py
[2024-10-06T04:49:49.371+0000] {processor.py:925} INFO - DAG(s) 'hello_world_ricky' retrieved from /opt/airflow/dags/hello_world_ricky.py
[2024-10-06T04:49:49.385+0000] {logging_mixin.py:190} INFO - [2024-10-06T04:49:49.384+0000] {dag.py:3239} INFO - Sync 1 DAGs
[2024-10-06T04:49:49.403+0000] {logging_mixin.py:190} INFO - [2024-10-06T04:49:49.403+0000] {dag.py:4180} INFO - Setting next_dagrun for hello_world_ricky to 2024-10-06 00:00:00+00:00, run_after=2024-10-07 00:00:00+00:00
[2024-10-06T04:49:49.420+0000] {processor.py:208} INFO - Processing /opt/airflow/dags/hello_world_ricky.py took 0.062 seconds
[2024-10-06T04:50:19.759+0000] {processor.py:186} INFO - Started process (PID=4831) to work on /opt/airflow/dags/hello_world_ricky.py
[2024-10-06T04:50:19.759+0000] {processor.py:914} INFO - Processing file /opt/airflow/dags/hello_world_ricky.py for tasks to queue
[2024-10-06T04:50:19.761+0000] {logging_mixin.py:190} INFO - [2024-10-06T04:50:19.761+0000] {dagbag.py:588} INFO - Filling up the DagBag from /opt/airflow/dags/hello_world_ricky.py
[2024-10-06T04:50:19.768+0000] {processor.py:925} INFO - DAG(s) 'hello_world_ricky' retrieved from /opt/airflow/dags/hello_world_ricky.py
[2024-10-06T04:50:19.782+0000] {logging_mixin.py:190} INFO - [2024-10-06T04:50:19.782+0000] {dag.py:3239} INFO - Sync 1 DAGs
[2024-10-06T04:50:19.800+0000] {logging_mixin.py:190} INFO - [2024-10-06T04:50:19.800+0000] {dag.py:4180} INFO - Setting next_dagrun for hello_world_ricky to 2024-10-06 00:00:00+00:00, run_after=2024-10-07 00:00:00+00:00
[2024-10-06T04:50:19.817+0000] {processor.py:208} INFO - Processing /opt/airflow/dags/hello_world_ricky.py took 0.063 seconds
[2024-10-06T04:50:50.041+0000] {processor.py:186} INFO - Started process (PID=4894) to work on /opt/airflow/dags/hello_world_ricky.py
[2024-10-06T04:50:50.042+0000] {processor.py:914} INFO - Processing file /opt/airflow/dags/hello_world_ricky.py for tasks to queue
[2024-10-06T04:50:50.043+0000] {logging_mixin.py:190} INFO - [2024-10-06T04:50:50.043+0000] {dagbag.py:588} INFO - Filling up the DagBag from /opt/airflow/dags/hello_world_ricky.py
[2024-10-06T04:50:50.050+0000] {processor.py:925} INFO - DAG(s) 'hello_world_ricky' retrieved from /opt/airflow/dags/hello_world_ricky.py
[2024-10-06T04:50:50.064+0000] {logging_mixin.py:190} INFO - [2024-10-06T04:50:50.064+0000] {dag.py:3239} INFO - Sync 1 DAGs
[2024-10-06T04:50:50.082+0000] {logging_mixin.py:190} INFO - [2024-10-06T04:50:50.082+0000] {dag.py:4180} INFO - Setting next_dagrun for hello_world_ricky to 2024-10-06 00:00:00+00:00, run_after=2024-10-07 00:00:00+00:00
[2024-10-06T04:50:50.099+0000] {processor.py:208} INFO - Processing /opt/airflow/dags/hello_world_ricky.py took 0.062 seconds
[2024-10-06T04:51:20.282+0000] {processor.py:186} INFO - Started process (PID=4958) to work on /opt/airflow/dags/hello_world_ricky.py
[2024-10-06T04:51:20.282+0000] {processor.py:914} INFO - Processing file /opt/airflow/dags/hello_world_ricky.py for tasks to queue
[2024-10-06T04:51:20.284+0000] {logging_mixin.py:190} INFO - [2024-10-06T04:51:20.284+0000] {dagbag.py:588} INFO - Filling up the DagBag from /opt/airflow/dags/hello_world_ricky.py
[2024-10-06T04:51:20.290+0000] {processor.py:925} INFO - DAG(s) 'hello_world_ricky' retrieved from /opt/airflow/dags/hello_world_ricky.py
[2024-10-06T04:51:20.303+0000] {logging_mixin.py:190} INFO - [2024-10-06T04:51:20.303+0000] {dag.py:3239} INFO - Sync 1 DAGs
[2024-10-06T04:51:20.321+0000] {logging_mixin.py:190} INFO - [2024-10-06T04:51:20.321+0000] {dag.py:4180} INFO - Setting next_dagrun for hello_world_ricky to 2024-10-06 00:00:00+00:00, run_after=2024-10-07 00:00:00+00:00
[2024-10-06T04:51:20.338+0000] {processor.py:208} INFO - Processing /opt/airflow/dags/hello_world_ricky.py took 0.061 seconds
[2024-10-06T04:51:50.593+0000] {processor.py:186} INFO - Started process (PID=5021) to work on /opt/airflow/dags/hello_world_ricky.py
[2024-10-06T04:51:50.594+0000] {processor.py:914} INFO - Processing file /opt/airflow/dags/hello_world_ricky.py for tasks to queue
[2024-10-06T04:51:50.595+0000] {logging_mixin.py:190} INFO - [2024-10-06T04:51:50.595+0000] {dagbag.py:588} INFO - Filling up the DagBag from /opt/airflow/dags/hello_world_ricky.py
[2024-10-06T04:51:50.603+0000] {processor.py:925} INFO - DAG(s) 'hello_world_ricky' retrieved from /opt/airflow/dags/hello_world_ricky.py
[2024-10-06T04:51:50.616+0000] {logging_mixin.py:190} INFO - [2024-10-06T04:51:50.616+0000] {dag.py:3239} INFO - Sync 1 DAGs
[2024-10-06T04:51:50.634+0000] {logging_mixin.py:190} INFO - [2024-10-06T04:51:50.634+0000] {dag.py:4180} INFO - Setting next_dagrun for hello_world_ricky to 2024-10-06 00:00:00+00:00, run_after=2024-10-07 00:00:00+00:00
[2024-10-06T04:51:50.654+0000] {processor.py:208} INFO - Processing /opt/airflow/dags/hello_world_ricky.py took 0.067 seconds
[2024-10-06T04:52:20.998+0000] {processor.py:186} INFO - Started process (PID=5085) to work on /opt/airflow/dags/hello_world_ricky.py
[2024-10-06T04:52:20.999+0000] {processor.py:914} INFO - Processing file /opt/airflow/dags/hello_world_ricky.py for tasks to queue
[2024-10-06T04:52:21.000+0000] {logging_mixin.py:190} INFO - [2024-10-06T04:52:21.000+0000] {dagbag.py:588} INFO - Filling up the DagBag from /opt/airflow/dags/hello_world_ricky.py
[2024-10-06T04:52:21.007+0000] {processor.py:925} INFO - DAG(s) 'hello_world_ricky' retrieved from /opt/airflow/dags/hello_world_ricky.py
[2024-10-06T04:52:21.021+0000] {logging_mixin.py:190} INFO - [2024-10-06T04:52:21.020+0000] {dag.py:3239} INFO - Sync 1 DAGs
[2024-10-06T04:52:21.039+0000] {logging_mixin.py:190} INFO - [2024-10-06T04:52:21.039+0000] {dag.py:4180} INFO - Setting next_dagrun for hello_world_ricky to 2024-10-06 00:00:00+00:00, run_after=2024-10-07 00:00:00+00:00
[2024-10-06T04:52:21.057+0000] {processor.py:208} INFO - Processing /opt/airflow/dags/hello_world_ricky.py took 0.063 seconds
[2024-10-06T04:52:51.480+0000] {processor.py:186} INFO - Started process (PID=5149) to work on /opt/airflow/dags/hello_world_ricky.py
[2024-10-06T04:52:51.481+0000] {processor.py:914} INFO - Processing file /opt/airflow/dags/hello_world_ricky.py for tasks to queue
[2024-10-06T04:52:51.482+0000] {logging_mixin.py:190} INFO - [2024-10-06T04:52:51.482+0000] {dagbag.py:588} INFO - Filling up the DagBag from /opt/airflow/dags/hello_world_ricky.py
[2024-10-06T04:52:51.489+0000] {processor.py:925} INFO - DAG(s) 'hello_world_ricky' retrieved from /opt/airflow/dags/hello_world_ricky.py
[2024-10-06T04:52:51.502+0000] {logging_mixin.py:190} INFO - [2024-10-06T04:52:51.502+0000] {dag.py:3239} INFO - Sync 1 DAGs
[2024-10-06T04:52:51.522+0000] {logging_mixin.py:190} INFO - [2024-10-06T04:52:51.522+0000] {dag.py:4180} INFO - Setting next_dagrun for hello_world_ricky to 2024-10-06 00:00:00+00:00, run_after=2024-10-07 00:00:00+00:00
[2024-10-06T04:52:51.540+0000] {processor.py:208} INFO - Processing /opt/airflow/dags/hello_world_ricky.py took 0.065 seconds
[2024-10-06T04:53:21.776+0000] {processor.py:186} INFO - Started process (PID=5214) to work on /opt/airflow/dags/hello_world_ricky.py
[2024-10-06T04:53:21.777+0000] {processor.py:914} INFO - Processing file /opt/airflow/dags/hello_world_ricky.py for tasks to queue
[2024-10-06T04:53:21.779+0000] {logging_mixin.py:190} INFO - [2024-10-06T04:53:21.778+0000] {dagbag.py:588} INFO - Filling up the DagBag from /opt/airflow/dags/hello_world_ricky.py
[2024-10-06T04:53:21.785+0000] {processor.py:925} INFO - DAG(s) 'hello_world_ricky' retrieved from /opt/airflow/dags/hello_world_ricky.py
[2024-10-06T04:53:21.799+0000] {logging_mixin.py:190} INFO - [2024-10-06T04:53:21.799+0000] {dag.py:3239} INFO - Sync 1 DAGs
[2024-10-06T04:53:21.820+0000] {logging_mixin.py:190} INFO - [2024-10-06T04:53:21.820+0000] {dag.py:4180} INFO - Setting next_dagrun for hello_world_ricky to 2024-10-06 00:00:00+00:00, run_after=2024-10-07 00:00:00+00:00
[2024-10-06T04:53:21.836+0000] {processor.py:208} INFO - Processing /opt/airflow/dags/hello_world_ricky.py took 0.064 seconds
[2024-10-06T04:53:52.260+0000] {processor.py:186} INFO - Started process (PID=5278) to work on /opt/airflow/dags/hello_world_ricky.py
[2024-10-06T04:53:52.260+0000] {processor.py:914} INFO - Processing file /opt/airflow/dags/hello_world_ricky.py for tasks to queue
[2024-10-06T04:53:52.262+0000] {logging_mixin.py:190} INFO - [2024-10-06T04:53:52.262+0000] {dagbag.py:588} INFO - Filling up the DagBag from /opt/airflow/dags/hello_world_ricky.py
[2024-10-06T04:53:52.270+0000] {processor.py:925} INFO - DAG(s) 'hello_world_ricky' retrieved from /opt/airflow/dags/hello_world_ricky.py
[2024-10-06T04:53:52.284+0000] {logging_mixin.py:190} INFO - [2024-10-06T04:53:52.283+0000] {dag.py:3239} INFO - Sync 1 DAGs
[2024-10-06T04:53:52.303+0000] {logging_mixin.py:190} INFO - [2024-10-06T04:53:52.303+0000] {dag.py:4180} INFO - Setting next_dagrun for hello_world_ricky to 2024-10-06 00:00:00+00:00, run_after=2024-10-07 00:00:00+00:00
[2024-10-06T04:53:52.320+0000] {processor.py:208} INFO - Processing /opt/airflow/dags/hello_world_ricky.py took 0.066 seconds
[2024-10-06T04:54:22.881+0000] {processor.py:186} INFO - Started process (PID=5342) to work on /opt/airflow/dags/hello_world_ricky.py
[2024-10-06T04:54:22.883+0000] {processor.py:914} INFO - Processing file /opt/airflow/dags/hello_world_ricky.py for tasks to queue
[2024-10-06T04:54:22.885+0000] {logging_mixin.py:190} INFO - [2024-10-06T04:54:22.884+0000] {dagbag.py:588} INFO - Filling up the DagBag from /opt/airflow/dags/hello_world_ricky.py
[2024-10-06T04:54:22.893+0000] {processor.py:925} INFO - DAG(s) 'hello_world_ricky' retrieved from /opt/airflow/dags/hello_world_ricky.py
[2024-10-06T04:54:22.913+0000] {logging_mixin.py:190} INFO - [2024-10-06T04:54:22.913+0000] {dag.py:3239} INFO - Sync 1 DAGs
[2024-10-06T04:54:22.934+0000] {logging_mixin.py:190} INFO - [2024-10-06T04:54:22.934+0000] {dag.py:4180} INFO - Setting next_dagrun for hello_world_ricky to 2024-10-06 00:00:00+00:00, run_after=2024-10-07 00:00:00+00:00
[2024-10-06T04:54:22.954+0000] {processor.py:208} INFO - Processing /opt/airflow/dags/hello_world_ricky.py took 0.079 seconds
[2024-10-06T04:54:53.248+0000] {processor.py:186} INFO - Started process (PID=5406) to work on /opt/airflow/dags/hello_world_ricky.py
[2024-10-06T04:54:53.248+0000] {processor.py:914} INFO - Processing file /opt/airflow/dags/hello_world_ricky.py for tasks to queue
[2024-10-06T04:54:53.250+0000] {logging_mixin.py:190} INFO - [2024-10-06T04:54:53.250+0000] {dagbag.py:588} INFO - Filling up the DagBag from /opt/airflow/dags/hello_world_ricky.py
[2024-10-06T04:54:53.258+0000] {processor.py:925} INFO - DAG(s) 'hello_world_ricky' retrieved from /opt/airflow/dags/hello_world_ricky.py
[2024-10-06T04:54:53.275+0000] {logging_mixin.py:190} INFO - [2024-10-06T04:54:53.274+0000] {dag.py:3239} INFO - Sync 1 DAGs
[2024-10-06T04:54:53.300+0000] {logging_mixin.py:190} INFO - [2024-10-06T04:54:53.300+0000] {dag.py:4180} INFO - Setting next_dagrun for hello_world_ricky to 2024-10-06 00:00:00+00:00, run_after=2024-10-07 00:00:00+00:00
[2024-10-06T04:54:53.321+0000] {processor.py:208} INFO - Processing /opt/airflow/dags/hello_world_ricky.py took 0.078 seconds
[2024-10-06T04:55:23.462+0000] {processor.py:186} INFO - Started process (PID=5471) to work on /opt/airflow/dags/hello_world_ricky.py
[2024-10-06T04:55:23.463+0000] {processor.py:914} INFO - Processing file /opt/airflow/dags/hello_world_ricky.py for tasks to queue
[2024-10-06T04:55:23.465+0000] {logging_mixin.py:190} INFO - [2024-10-06T04:55:23.464+0000] {dagbag.py:588} INFO - Filling up the DagBag from /opt/airflow/dags/hello_world_ricky.py
[2024-10-06T04:55:23.471+0000] {processor.py:925} INFO - DAG(s) 'hello_world_ricky' retrieved from /opt/airflow/dags/hello_world_ricky.py
[2024-10-06T04:55:23.487+0000] {logging_mixin.py:190} INFO - [2024-10-06T04:55:23.487+0000] {dag.py:3239} INFO - Sync 1 DAGs
[2024-10-06T04:55:23.506+0000] {logging_mixin.py:190} INFO - [2024-10-06T04:55:23.506+0000] {dag.py:4180} INFO - Setting next_dagrun for hello_world_ricky to 2024-10-06 00:00:00+00:00, run_after=2024-10-07 00:00:00+00:00
[2024-10-06T04:55:23.523+0000] {processor.py:208} INFO - Processing /opt/airflow/dags/hello_world_ricky.py took 0.065 seconds
[2024-10-06T04:55:53.970+0000] {processor.py:186} INFO - Started process (PID=5535) to work on /opt/airflow/dags/hello_world_ricky.py
[2024-10-06T04:55:53.971+0000] {processor.py:914} INFO - Processing file /opt/airflow/dags/hello_world_ricky.py for tasks to queue
[2024-10-06T04:55:53.972+0000] {logging_mixin.py:190} INFO - [2024-10-06T04:55:53.972+0000] {dagbag.py:588} INFO - Filling up the DagBag from /opt/airflow/dags/hello_world_ricky.py
[2024-10-06T04:55:53.979+0000] {processor.py:925} INFO - DAG(s) 'hello_world_ricky' retrieved from /opt/airflow/dags/hello_world_ricky.py
[2024-10-06T04:55:53.992+0000] {logging_mixin.py:190} INFO - [2024-10-06T04:55:53.992+0000] {dag.py:3239} INFO - Sync 1 DAGs
[2024-10-06T04:55:54.010+0000] {logging_mixin.py:190} INFO - [2024-10-06T04:55:54.010+0000] {dag.py:4180} INFO - Setting next_dagrun for hello_world_ricky to 2024-10-06 00:00:00+00:00, run_after=2024-10-07 00:00:00+00:00
[2024-10-06T04:55:54.025+0000] {processor.py:208} INFO - Processing /opt/airflow/dags/hello_world_ricky.py took 0.060 seconds
[2024-10-06T04:56:24.411+0000] {processor.py:186} INFO - Started process (PID=5599) to work on /opt/airflow/dags/hello_world_ricky.py
[2024-10-06T04:56:24.411+0000] {processor.py:914} INFO - Processing file /opt/airflow/dags/hello_world_ricky.py for tasks to queue
[2024-10-06T04:56:24.413+0000] {logging_mixin.py:190} INFO - [2024-10-06T04:56:24.413+0000] {dagbag.py:588} INFO - Filling up the DagBag from /opt/airflow/dags/hello_world_ricky.py
[2024-10-06T04:56:24.420+0000] {processor.py:925} INFO - DAG(s) 'hello_world_ricky' retrieved from /opt/airflow/dags/hello_world_ricky.py
[2024-10-06T04:56:24.438+0000] {logging_mixin.py:190} INFO - [2024-10-06T04:56:24.437+0000] {dag.py:3239} INFO - Sync 1 DAGs
[2024-10-06T04:56:24.460+0000] {logging_mixin.py:190} INFO - [2024-10-06T04:56:24.460+0000] {dag.py:4180} INFO - Setting next_dagrun for hello_world_ricky to 2024-10-06 00:00:00+00:00, run_after=2024-10-07 00:00:00+00:00
[2024-10-06T04:56:24.479+0000] {processor.py:208} INFO - Processing /opt/airflow/dags/hello_world_ricky.py took 0.073 seconds
[2024-10-06T04:56:54.770+0000] {processor.py:186} INFO - Started process (PID=5663) to work on /opt/airflow/dags/hello_world_ricky.py
[2024-10-06T04:56:54.771+0000] {processor.py:914} INFO - Processing file /opt/airflow/dags/hello_world_ricky.py for tasks to queue
[2024-10-06T04:56:54.772+0000] {logging_mixin.py:190} INFO - [2024-10-06T04:56:54.772+0000] {dagbag.py:588} INFO - Filling up the DagBag from /opt/airflow/dags/hello_world_ricky.py
[2024-10-06T04:56:54.779+0000] {processor.py:925} INFO - DAG(s) 'hello_world_ricky' retrieved from /opt/airflow/dags/hello_world_ricky.py
[2024-10-06T04:56:54.792+0000] {logging_mixin.py:190} INFO - [2024-10-06T04:56:54.792+0000] {dag.py:3239} INFO - Sync 1 DAGs
[2024-10-06T04:56:54.810+0000] {logging_mixin.py:190} INFO - [2024-10-06T04:56:54.810+0000] {dag.py:4180} INFO - Setting next_dagrun for hello_world_ricky to 2024-10-06 00:00:00+00:00, run_after=2024-10-07 00:00:00+00:00
[2024-10-06T04:56:54.825+0000] {processor.py:208} INFO - Processing /opt/airflow/dags/hello_world_ricky.py took 0.059 seconds
[2024-10-06T04:57:25.014+0000] {processor.py:186} INFO - Started process (PID=5727) to work on /opt/airflow/dags/hello_world_ricky.py
[2024-10-06T04:57:25.014+0000] {processor.py:914} INFO - Processing file /opt/airflow/dags/hello_world_ricky.py for tasks to queue
[2024-10-06T04:57:25.016+0000] {logging_mixin.py:190} INFO - [2024-10-06T04:57:25.016+0000] {dagbag.py:588} INFO - Filling up the DagBag from /opt/airflow/dags/hello_world_ricky.py
[2024-10-06T04:57:25.023+0000] {processor.py:925} INFO - DAG(s) 'hello_world_ricky' retrieved from /opt/airflow/dags/hello_world_ricky.py
[2024-10-06T04:57:25.037+0000] {logging_mixin.py:190} INFO - [2024-10-06T04:57:25.037+0000] {dag.py:3239} INFO - Sync 1 DAGs
[2024-10-06T04:57:25.055+0000] {logging_mixin.py:190} INFO - [2024-10-06T04:57:25.054+0000] {dag.py:4180} INFO - Setting next_dagrun for hello_world_ricky to 2024-10-06 00:00:00+00:00, run_after=2024-10-07 00:00:00+00:00
[2024-10-06T04:57:25.074+0000] {processor.py:208} INFO - Processing /opt/airflow/dags/hello_world_ricky.py took 0.065 seconds
